0 info it worked if it ends with ok
1 verbose cli [ 'node', '/usr/local/bin/npm', 'install', '-g', 'firebase-tools' ]
2 info using npm@2.11.3
3 info using node@v0.12.7
4 verbose install initial load of /usr/local/lib/package.json
5 verbose readDependencies loading dependencies from /usr/local/lib/package.json
6 silly cache add args [ 'firebase-tools', null ]
7 verbose cache add spec firebase-tools
8 silly cache add parsed spec { raw: 'firebase-tools',
8 silly cache add   scope: null,
8 silly cache add   name: 'firebase-tools',
8 silly cache add   rawSpec: '',
8 silly cache add   spec: '*',
8 silly cache add   type: 'range' }
9 silly addNamed firebase-tools@*
10 verbose addNamed "*" is a valid semver range for firebase-tools
11 silly addNameRange { name: 'firebase-tools', range: '*', hasData: false }
12 silly mapToRegistry name firebase-tools
13 silly mapToRegistry using default registry
14 silly mapToRegistry registry https://registry.npmjs.org/
15 silly mapToRegistry uri https://registry.npmjs.org/firebase-tools
16 verbose addNameRange registry:https://registry.npmjs.org/firebase-tools not in flight; fetching
17 verbose request uri https://registry.npmjs.org/firebase-tools
18 verbose request no auth needed
19 info attempt registry request try #1 at 12:26:58 PM
20 verbose request id 31032e1a9cd9cd1f
21 http request GET https://registry.npmjs.org/firebase-tools
22 http 200 https://registry.npmjs.org/firebase-tools
23 silly get cb [ 200,
23 silly get   { 'content-type': 'application/json; charset=UTF-8',
23 silly get     server: 'UploadServer',
23 silly get     'cache-control': 'max-age=300',
23 silly get     'last-modified': 'Mon, 4 Dec 2017 18:01:14 GMT',
23 silly get     etag: '"5a258d6a-26645"',
23 silly get     'content-encoding': 'gzip',
23 silly get     'content-length': '12909',
23 silly get     'accept-ranges': 'bytes',
23 silly get     date: 'Thu, 04 Jan 2018 17:26:58 GMT',
23 silly get     via: '1.1 varnish',
23 silly get     age: '5126',
23 silly get     connection: 'keep-alive',
23 silly get     'x-served-by': 'cache-dca17742-DCA',
23 silly get     'x-cache': 'HIT',
23 silly get     'x-cache-hits': '2',
23 silly get     'x-timer': 'S1515086819.789154,VS0,VE0',
23 silly get     vary: 'Accept-Encoding, Accept' } ]
24 verbose get saving firebase-tools to /Users/Amartya/.npm/registry.npmjs.org/firebase-tools/.cache.json
25 silly addNameRange number 2 { name: 'firebase-tools', range: '*', hasData: true }
26 silly addNameRange versions [ 'firebase-tools',
26 silly addNameRange   [ '0.0.1',
26 silly addNameRange     '0.0.2',
26 silly addNameRange     '0.0.3',
26 silly addNameRange     '0.0.4',
26 silly addNameRange     '0.0.5',
26 silly addNameRange     '0.0.6',
26 silly addNameRange     '0.1.0',
26 silly addNameRange     '0.1.1',
26 silly addNameRange     '0.1.2',
26 silly addNameRange     '0.1.3',
26 silly addNameRange     '0.1.4',
26 silly addNameRange     '0.1.5',
26 silly addNameRange     '0.1.6',
26 silly addNameRange     '0.2.0',
26 silly addNameRange     '0.3.0',
26 silly addNameRange     '0.4.0',
26 silly addNameRange     '0.5.0',
26 silly addNameRange     '1.0.0',
26 silly addNameRange     '1.0.1',
26 silly addNameRange     '1.0.2',
26 silly addNameRange     '1.0.3',
26 silly addNameRange     '1.0.4',
26 silly addNameRange     '1.0.5',
26 silly addNameRange     '1.0.6',
26 silly addNameRange     '1.1.0',
26 silly addNameRange     '1.1.1',
26 silly addNameRange     '1.1.2',
26 silly addNameRange     '1.1.3',
26 silly addNameRange     '1.1.4',
26 silly addNameRange     '1.1.5',
26 silly addNameRange     '1.1.6',
26 silly addNameRange     '1.2.0',
26 silly addNameRange     '2.0.0',
26 silly addNameRange     '2.0.1',
26 silly addNameRange     '2.0.2',
26 silly addNameRange     '2.1.0',
26 silly addNameRange     '2.1.1',
26 silly addNameRange     '2.2.0',
26 silly addNameRange     '2.2.1',
26 silly addNameRange     '3.0.0',
26 silly addNameRange     '3.0.1',
26 silly addNameRange     '3.0.2',
26 silly addNameRange     '3.0.3',
26 silly addNameRange     '3.0.4',
26 silly addNameRange     '3.0.5',
26 silly addNameRange     '3.0.6',
26 silly addNameRange     '3.0.7',
26 silly addNameRange     '3.0.8',
26 silly addNameRange     '3.1.0',
26 silly addNameRange     '3.2.0',
26 silly addNameRange     '3.2.1',
26 silly addNameRange     '3.2.2',
26 silly addNameRange     '3.2.3',
26 silly addNameRange     '3.3.0',
26 silly addNameRange     '3.4.0',
26 silly addNameRange     '3.5.0',
26 silly addNameRange     '3.6.0',
26 silly addNameRange     '3.6.1',
26 silly addNameRange     '3.7.0',
26 silly addNameRange     '3.8.0',
26 silly addNameRange     '3.9.0',
26 silly addNameRange     '3.9.1',
26 silly addNameRange     '3.9.2',
26 silly addNameRange     '3.10.0' ] ]
27 silly addNamed firebase-tools@3.10.0
28 verbose addNamed "3.10.0" is a plain semver version for firebase-tools
29 silly mapToRegistry name firebase-tools
30 silly mapToRegistry using default registry
31 silly mapToRegistry registry https://registry.npmjs.org/
32 silly mapToRegistry uri https://registry.npmjs.org/firebase-tools
33 verbose addRemoteTarball https://registry.npmjs.org/firebase-tools/-/firebase-tools-3.10.0.tgz not in flight; adding
34 verbose addRemoteTarball [ 'https://registry.npmjs.org/firebase-tools/-/firebase-tools-3.10.0.tgz',
34 verbose addRemoteTarball   'c5a61db6bc863f0c150e9b6d1d8a8e83b13862f7' ]
35 info retry fetch attempt 1 at 12:26:58 PM
36 info attempt registry request try #1 at 12:26:58 PM
37 http fetch GET https://registry.npmjs.org/firebase-tools/-/firebase-tools-3.10.0.tgz
38 http fetch 200 https://registry.npmjs.org/firebase-tools/-/firebase-tools-3.10.0.tgz
39 silly fetchAndShaCheck shasum c5a61db6bc863f0c150e9b6d1d8a8e83b13862f7
40 verbose addTmpTarball /var/folders/m2/_3mfh43x4w141p_b88vjnx000000gn/T/npm-20410-9aad9c5f/registry.npmjs.org/firebase-tools/-/firebase-tools-3.10.0.tgz not in flight; adding
41 verbose addTmpTarball already have metadata; skipping unpack for firebase-tools@3.10.0
42 silly cache afterAdd firebase-tools@3.10.0
43 verbose afterAdd /Users/Amartya/.npm/firebase-tools/3.10.0/package/package.json not in flight; writing
44 verbose afterAdd /Users/Amartya/.npm/firebase-tools/3.10.0/package/package.json written
45 silly install resolved [ { name: 'firebase-tools',
45 silly install resolved     version: '3.10.0',
45 silly install resolved     description: 'Command-Line Interface for Firebase',
45 silly install resolved     main: 'index.js',
45 silly install resolved     bin: { firebase: './bin/firebase' },
45 silly install resolved     scripts: { test: 'gulp' },
45 silly install resolved     repository:
45 silly install resolved      { type: 'git',
45 silly install resolved        url: 'git+https://github.com/firebase/firebase-tools.git' },
45 silly install resolved     keywords:
45 silly install resolved      [ 'cdn',
45 silly install resolved        'cli',
45 silly install resolved        'ssl',
45 silly install resolved        'cloud',
45 silly install resolved        'hosting',
45 silly install resolved        'firebase',
45 silly install resolved        'realtime',
45 silly install resolved        'websockets',
45 silly install resolved        'synchronization' ],
45 silly install resolved     preferGlobal: true,
45 silly install resolved     engines: { node: '>=0.10.0' },
45 silly install resolved     engineStrict: true,
45 silly install resolved     author: { name: 'Firebase', url: 'https://firebase.google.com/' },
45 silly install resolved     license: 'MIT',
45 silly install resolved     bugs: { url: 'https://github.com/firebase/firebase-tools/issues' },
45 silly install resolved     files: [ 'bin/**', 'lib/**', 'commands/**', 'templates/**', 'index.js' ],
45 silly install resolved     homepage: 'https://github.com/firebase/firebase-tools',
45 silly install resolved     dependencies:
45 silly install resolved      { JSONStream: '^1.2.1',
45 silly install resolved        archiver: '^0.16.0',
45 silly install resolved        chalk: '^1.1.0',
45 silly install resolved        cjson: '^0.3.1',
45 silly install resolved        'cli-table': '^0.3.1',
45 silly install resolved        commander: '^2.8.1',
45 silly install resolved        configstore: '^1.2.0',
45 silly install resolved        'cross-spawn': '^4.0.0',
45 silly install resolved        'csv-streamify': '^3.0.4',
45 silly install resolved        didyoumean: '^1.2.1',
45 silly install resolved        'es6-set': '^0.1.4',
45 silly install resolved        'exit-code': '^1.0.2',
45 silly install resolved        filesize: '^3.1.3',
45 silly install resolved        firebase: '2.x.x',
45 silly install resolved        'fs-extra': '^0.23.1',
45 silly install resolved        'fstream-ignore': '^1.0.5',
45 silly install resolved        glob: '^7.1.2',
45 silly install resolved        'google-auto-auth': '^0.7.2',
45 silly install resolved        inquirer: '^0.12.0',
45 silly install resolved        jsonschema: '^1.0.2',
45 silly install resolved        jsonwebtoken: '^7.4.1',
45 silly install resolved        lodash: '^4.6.1',
45 silly install resolved        open: '^0.0.5',
45 silly install resolved        ora: '0.2.3',
45 silly install resolved        portfinder: '^0.4.0',
45 silly install resolved        progress: '^2.0.0',
45 silly install resolved        request: '^2.58.0',
45 silly install resolved        rsvp: '^3.0.18',
45 silly install resolved        semver: '^5.0.3',
45 silly install resolved        superstatic: '^5.0.1',
45 silly install resolved        tar: '^3.1.5',
45 silly install resolved        tmp: '0.0.27',
45 silly install resolved        'universal-analytics': '^0.3.9',
45 silly install resolved        'update-notifier': '^0.5.0',
45 silly install resolved        'user-home': '^2.0.0',
45 silly install resolved        uuid: '^3.0.0',
45 silly install resolved        winston: '^1.0.1',
45 silly install resolved        '@google-cloud/functions-emulator': '^1.0.0-alpha.22' },
45 silly install resolved     devDependencies:
45 silly install resolved      { chai: '^3.0.0',
45 silly install resolved        'chai-as-promised': '^5.1.0',
45 silly install resolved        coveralls: '2.11.2',
45 silly install resolved        eslint: '^1.4.1',
45 silly install resolved        gulp: '^3.9.0',
45 silly install resolved        'gulp-eslint': '^1.0.0',
45 silly install resolved        'gulp-exit': '0.0.2',
45 silly install resolved        'gulp-istanbul': '^0.10.0',
45 silly install resolved        'gulp-mocha': '^2.1.2',
45 silly install resolved        'jshint-stylish': '^2.0.1',
45 silly install resolved        nock: '^2.10.0',
45 silly install resolved        sinon: '^1.17.4',
45 silly install resolved        'sinon-as-promised': '^4.0.0',
45 silly install resolved        'sinon-chai': '^2.8.0' },
45 silly install resolved     optionalDependencies: { '@google-cloud/functions-emulator': '^1.0.0-alpha.22' },
45 silly install resolved     gitHead: 'f14285614daf96855ea25ec075787ea3324ed3cf',
45 silly install resolved     _id: 'firebase-tools@3.10.0',
45 silly install resolved     _shasum: 'c5a61db6bc863f0c150e9b6d1d8a8e83b13862f7',
45 silly install resolved     _from: 'firebase-tools@*',
45 silly install resolved     _npmVersion: '3.10.8',
45 silly install resolved     _nodeVersion: '6.9.1',
45 silly install resolved     _npmUser: { name: 'firebase', email: 'operations+plainlogo@firebase.com' },
45 silly install resolved     dist:
45 silly install resolved      { shasum: 'c5a61db6bc863f0c150e9b6d1d8a8e83b13862f7',
45 silly install resolved        tarball: 'https://registry.npmjs.org/firebase-tools/-/firebase-tools-3.10.0.tgz' },
45 silly install resolved     maintainers: [ [Object] ],
45 silly install resolved     _npmOperationalInternal:
45 silly install resolved      { host: 's3://npm-registry-packages',
45 silly install resolved        tmp: 'tmp/firebase-tools-3.10.0.tgz_1504304855518_0.520246250089258' },
45 silly install resolved     directories: {},
45 silly install resolved     _resolved: 'https://registry.npmjs.org/firebase-tools/-/firebase-tools-3.10.0.tgz' } ]
46 info install firebase-tools@3.10.0 into /usr/local/lib
47 info installOne firebase-tools@3.10.0
48 verbose installOne of firebase-tools to /usr/local/lib not in flight; installing
49 verbose lock using /Users/Amartya/.npm/_locks/firebase-tools-10d1b8d676fd02fa.lock for /usr/local/lib/node_modules/firebase-tools
50 silly install write writing firebase-tools 3.10.0 to /usr/local/lib/node_modules/firebase-tools
51 verbose unbuild lib/node_modules/firebase-tools
52 silly gentlyRm /usr/local/lib/node_modules/firebase-tools is being purged from base /usr/local
53 verbose gentlyRm don't care about contents; nuking /usr/local/lib/node_modules/firebase-tools
54 verbose tar unpack /Users/Amartya/.npm/firebase-tools/3.10.0/package.tgz
55 verbose tar unpacking to /usr/local/lib/node_modules/firebase-tools
56 silly gentlyRm /usr/local/lib/node_modules/firebase-tools is being purged
57 verbose gentlyRm don't care about contents; nuking /usr/local/lib/node_modules/firebase-tools
58 silly gunzTarPerm modes [ '755', '644' ]
59 error tar.unpack untar error /Users/Amartya/.npm/firebase-tools/3.10.0/package.tgz
60 verbose unlock done using /Users/Amartya/.npm/_locks/firebase-tools-10d1b8d676fd02fa.lock for /usr/local/lib/node_modules/firebase-tools
61 verbose fstream_path /usr/local/lib/node_modules/firebase-tools
62 verbose fstream_type Directory
63 verbose fstream_class DirWriter
64 verbose stack Error: EACCES, mkdir '/usr/local/lib/node_modules/firebase-tools'
64 verbose stack     at Error (native)
65 verbose fstream_stack /usr/local/lib/node_modules/npm/node_modules/fstream/lib/dir-writer.js:35:25
65 verbose fstream_stack /usr/local/lib/node_modules/npm/node_modules/mkdirp/index.js:47:53
65 verbose fstream_stack FSReqWrap.oncomplete (fs.js:95:15)
66 verbose cwd /Users/Amartya/BRYANPROJ
67 error Darwin 14.5.0
68 error argv "node" "/usr/local/bin/npm" "install" "-g" "firebase-tools"
69 error node v0.12.7
70 error npm  v2.11.3
71 error path /usr/local/lib/node_modules/firebase-tools
72 error code EACCES
73 error errno -13
74 error Error: EACCES, mkdir '/usr/local/lib/node_modules/firebase-tools'
74 error     at Error (native)
74 error  { [Error: EACCES, mkdir '/usr/local/lib/node_modules/firebase-tools']
74 error   errno: -13,
74 error   code: 'EACCES',
74 error   path: '/usr/local/lib/node_modules/firebase-tools',
74 error   fstream_type: 'Directory',
74 error   fstream_path: '/usr/local/lib/node_modules/firebase-tools',
74 error   fstream_class: 'DirWriter',
74 error   fstream_stack:
74 error    [ '/usr/local/lib/node_modules/npm/node_modules/fstream/lib/dir-writer.js:35:25',
74 error      '/usr/local/lib/node_modules/npm/node_modules/mkdirp/index.js:47:53',
74 error      'FSReqWrap.oncomplete (fs.js:95:15)' ] }
75 error Please try running this command again as root/Administrator.
76 verbose exit [ -13, true ]
77 verbose unbuild lib/node_modules/firebase-tools
78 silly gentlyRm /usr/local/lib/node_modules/firebase-tools is being purged from base /usr/local
79 verbose gentlyRm don't care about contents; nuking /usr/local/lib/node_modules/firebase-tools
